
######## ERROR SUMMARY ##################
Run date:    Tue Jan 09 10:12:12 CET 2024
Error cnt:2

----------------------------
File #1:  job/run_collect_job.xml
Errors :1

Error :1
liquibase.exception.DatabaseException: Error starting at line : 1 in command -
BEGIN 
dbms_scheduler.create_program('RUN_COLLECT','STORED_PROCEDURE',
'ORAMON_PKG.collect_statspack_stats'
,0, TRUE,
'Call stored procedure'
);
COMMIT; 
END; 

dbms_scheduler.create_program('RUN_COLLECT','STORED_PROCEDURE',
'ORAMON_PKG.collect_statspack_stats'
,0, TRUE,
'Call stored procedure'
);
COMMIT; 
END;
Error report -
ORA-06550: line 10, column 1:
PLS-00103: Encountered the symbol "DBMS_SCHEDULER" 
ORA-06550: line 14, column 2:
PLS-00103: Encountered the symbol ";" when expecting one of the following:

   . ( , * % & - + / at mod remainder rem <an identifier>
   <a double-quoted delimited-identifier> <an exponent (**)> as
   from into || multiset bulk
06550. 00000 -  "line %s, column %s:\n%s"
*Cause:    Usually a PL/SQL compilation error.
*Action:   Refer to the following PL/SQL messages for more
           information about the error.

More Details :
https://docs.oracle.com/error-help/db/ora-06550/
https://docs.oracle.com/error-help/db/pls-00103/
	at oracle.dbtools.raptor.liquibase.util.QueryUtils.runSqlReturnResult(QueryUtils.java:221)
	at liquibase.executor.jvm.SqlClExecutor.execute(SqlClExecutor.java:90)
	at liquibase.database.AbstractJdbcDatabase.execute(AbstractJdbcDatabase.java:1270)
	at liquibase.database.AbstractJdbcDatabase.executeStatements(AbstractJdbcDatabase.java:1252)
	at liquibase.changelog.ChangeSet.execute(ChangeSet.java:685)
	at liquibase.changelog.visitor.UpdateVisitor.visit(UpdateVisitor.java:56)
	at liquibase.changelog.ChangeLogIterator$2.lambda$null$0(ChangeLogIterator.java:115)
	at liquibase.Scope.lambda$child$0(Scope.java:180)
	at liquibase.Scope.child(Scope.java:189)
	at liquibase.Scope.child(Scope.java:179)
	at liquibase.Scope.child(Scope.java:158)
	at liquibase.changelog.ChangeLogIterator$2.lambda$run$1(ChangeLogIterator.java:114)
	at liquibase.Scope.lambda$child$0(Scope.java:180)
	at liquibase.Scope.child(Scope.java:189)
	at liquibase.Scope.child(Scope.java:179)
	at liquibase.Scope.child(Scope.java:158)
	at liquibase.Scope.child(Scope.java:243)
	at liquibase.changelog.ChangeLogIterator$2.run(ChangeLogIterator.java:95)
	at liquibase.Scope.lambda$child$0(Scope.java:180)
	at liquibase.Scope.child(Scope.java:189)
	at liquibase.Scope.child(Scope.java:179)
	at liquibase.Scope.child(Scope.java:158)
	at liquibase.Scope.child(Scope.java:243)
	at liquibase.Scope.child(Scope.java:247)
	at liquibase.changelog.ChangeLogIterator.run(ChangeLogIterator.java:67)
	at liquibase.Liquibase.lambda$null$0(Liquibase.java:289)
	at liquibase.Scope.lambda$child$0(Scope.java:180)
	at liquibase.Scope.child(Scope.java:189)
	at liquibase.Scope.child(Scope.java:179)
	at liquibase.Scope.child(Scope.java:158)
	at liquibase.Scope.child(Scope.java:243)
	at liquibase.Liquibase.lambda$update$1(Liquibase.java:288)
	at liquibase.Scope.lambda$child$0(Scope.java:180)
	at liquibase.Scope.child(Scope.java:189)
	at liquibase.Scope.child(Scope.java:179)
	at liquibase.Scope.child(Scope.java:158)
	at liquibase.Liquibase.runInScope(Liquibase.java:2445)
	at liquibase.Liquibase.update(Liquibase.java:235)
	at liquibase.Liquibase.update(Liquibase.java:220)
	at oracle.dbtools.raptor.liquibase.core.CommandGenerator.lambda$UpdateCommand$30(CommandGenerator.java:1292)
	at liquibase.Scope.lambda$child$0(Scope.java:180)
	at liquibase.Scope.child(Scope.java:189)
	at liquibase.Scope.child(Scope.java:179)
	at liquibase.Scope.child(Scope.java:158)
	at oracle.dbtools.raptor.liquibase.core.CommandGenerator.UpdateCommand(CommandGenerator.java:1287)
	at oracle.dbtools.raptor.scriptrunner.commands.liquibase.LbCommand.handleEvent(LbCommand.java:364)
	at oracle.dbtools.raptor.newscriptrunner.CommandRegistry.fireListeners(CommandRegistry.java:449)
	at oracle.dbtools.raptor.newscriptrunner.ScriptRunner.run(ScriptRunner.java:241)
	at oracle.dbtools.raptor.newscriptrunner.ScriptExecutor.run(ScriptExecutor.java:370)
	at oracle.dbtools.raptor.newscriptrunner.ScriptExecutor.run(ScriptExecutor.java:255)
	at oracle.dbtools.raptor.newscriptrunner.SQLPLUS.runExecuteFile(SQLPLUS.java:1767)
	at oracle.dbtools.raptor.newscriptrunner.SQLPLUS.run(SQLPLUS.java:185)
	at oracle.dbtools.raptor.newscriptrunner.ScriptRunner.runSQLPLUS(ScriptRunner.java:456)
	at oracle.dbtools.raptor.newscriptrunner.ScriptRunner.run(ScriptRunner.java:277)
	at oracle.dbtools.raptor.newscriptrunner.ScriptExecutor.run(ScriptExecutor.java:370)
	at oracle.dbtools.raptor.newscriptrunner.ScriptExecutor.run(ScriptExecutor.java:255)
	at oracle.dbtools.raptor.scriptrunner.cmdline.SqlCli.processLine(SqlCli.java:1189)
	at oracle.dbtools.raptor.scriptrunner.cmdline.SqlCli.runSqlcl(SqlCli.java:1370)
	at oracle.dbtools.raptor.scriptrunner.cmdline.SqlCli.main(SqlCli.java:350)

----------------------------
----------------------------
File #2:  job/auto_statspack_collect_job_job.xml
Errors :1

Error :1
liquibase.exception.DatabaseException: Error starting at line : 1 in command -
BEGIN 
dbms_scheduler.create_job('AUTO_STATSPACK_COLLECT_JOB',
program_name=>'RUN_COLLECT',
schedule_name=>'AUTO_COLLECT_STATS',
job_class=>'DEFAULT_JOB_CLASS', enabled=>FALSE, auto_drop=>TRUE,comments=>
'Job for collecting statspack data from several database instances'
);
sys.dbms_scheduler.set_attribute('AUTO_STATSPACK_COLLECT_JOB','NLS_ENV','NLS_LANGUAGE=''SWEDISH'' NLS_TERRITORY=''SWEDEN'' NLS_CURRENCY=''Kr'' NLS_ISO_CURRENCY=''SWEDEN'' NLS_NUMERIC_CHARACTERS='',.'' NLS_CALENDAR=''GREGORIAN'' NLS_DATE_FORMAT=''RRRR-MM-DD HH24:MI:SS'' NLS_DATE_LANGUAGE=''SWEDISH'' NLS_SORT=''SWEDISH'' NLS_TIME_FORMAT=''HH24:MI:SSXFF'' NLS_TIMESTAMP_FORMAT=''RRRR-MM-DD HH24:MI:SSXFF'' NLS_TIME_TZ_FORMAT=''HH24:MI:SSXFF TZR'' NLS_TIMESTAMP_TZ_FORMAT=''RRRR-MM-DD HH24:MI:SSXFF TZR'' NLS_DUAL_CURRENCY=''€'' NLS_COMP=''BINARY'' NLS_LENGTH_SEMANTICS=''BYTE'' NLS_NCHAR_CONV_EXCP=''FALSE''');
dbms_scheduler.enable('AUTO_STATSPACK_COLLECT_JOB');
COMMIT; 
END;
Error report -
ORA-27481: "ORAMON"."AUTO_STATSPACK_COLLECT_JOB" has an invalid schedule
ORA-27476: "ORAMON"."AUTO_COLLECT_STATS" does not exist
ORA-06512: at "SYS.DBMS_ISCHED", line 3392
ORA-06512: at "SYS.DBMS_SCHEDULER", line 3389
ORA-06512: at line 9
27481. 00000 -  "\"%s\".\"%s\" has an invalid schedule"
*Cause:    An attempt was made to enable a job or window that has an invalid
           schedule.
*Action:   Alter the schedule of the job or window so that it is valid and
           then reissue the enable command.

More Details :
https://docs.oracle.com/error-help/db/ora-27481/
https://docs.oracle.com/error-help/db/ora-27476/
https://docs.oracle.com/error-help/db/ora-06512/
	at oracle.dbtools.raptor.liquibase.util.QueryUtils.runSqlReturnResult(QueryUtils.java:221)
	at liquibase.executor.jvm.SqlClExecutor.execute(SqlClExecutor.java:90)
	at liquibase.database.AbstractJdbcDatabase.execute(AbstractJdbcDatabase.java:1270)
	at liquibase.database.AbstractJdbcDatabase.executeStatements(AbstractJdbcDatabase.java:1252)
	at liquibase.changelog.ChangeSet.execute(ChangeSet.java:685)
	at liquibase.changelog.visitor.UpdateVisitor.visit(UpdateVisitor.java:56)
	at liquibase.changelog.ChangeLogIterator$2.lambda$null$0(ChangeLogIterator.java:115)
	at liquibase.Scope.lambda$child$0(Scope.java:180)
	at liquibase.Scope.child(Scope.java:189)
	at liquibase.Scope.child(Scope.java:179)
	at liquibase.Scope.child(Scope.java:158)
	at liquibase.changelog.ChangeLogIterator$2.lambda$run$1(ChangeLogIterator.java:114)
	at liquibase.Scope.lambda$child$0(Scope.java:180)
	at liquibase.Scope.child(Scope.java:189)
	at liquibase.Scope.child(Scope.java:179)
	at liquibase.Scope.child(Scope.java:158)
	at liquibase.Scope.child(Scope.java:243)
	at liquibase.changelog.ChangeLogIterator$2.run(ChangeLogIterator.java:95)
	at liquibase.Scope.lambda$child$0(Scope.java:180)
	at liquibase.Scope.child(Scope.java:189)
	at liquibase.Scope.child(Scope.java:179)
	at liquibase.Scope.child(Scope.java:158)
	at liquibase.Scope.child(Scope.java:243)
	at liquibase.Scope.child(Scope.java:247)
	at liquibase.changelog.ChangeLogIterator.run(ChangeLogIterator.java:67)
	at liquibase.Liquibase.lambda$null$0(Liquibase.java:289)
	at liquibase.Scope.lambda$child$0(Scope.java:180)
	at liquibase.Scope.child(Scope.java:189)
	at liquibase.Scope.child(Scope.java:179)
	at liquibase.Scope.child(Scope.java:158)
	at liquibase.Scope.child(Scope.java:243)
	at liquibase.Liquibase.lambda$update$1(Liquibase.java:288)
	at liquibase.Scope.lambda$child$0(Scope.java:180)
	at liquibase.Scope.child(Scope.java:189)
	at liquibase.Scope.child(Scope.java:179)
	at liquibase.Scope.child(Scope.java:158)
	at liquibase.Liquibase.runInScope(Liquibase.java:2445)
	at liquibase.Liquibase.update(Liquibase.java:235)
	at liquibase.Liquibase.update(Liquibase.java:220)
	at oracle.dbtools.raptor.liquibase.core.CommandGenerator.lambda$UpdateCommand$30(CommandGenerator.java:1292)
	at liquibase.Scope.lambda$child$0(Scope.java:180)
	at liquibase.Scope.child(Scope.java:189)
	at liquibase.Scope.child(Scope.java:179)
	at liquibase.Scope.child(Scope.java:158)
	at oracle.dbtools.raptor.liquibase.core.CommandGenerator.UpdateCommand(CommandGenerator.java:1287)
	at oracle.dbtools.raptor.scriptrunner.commands.liquibase.LbCommand.handleEvent(LbCommand.java:364)
	at oracle.dbtools.raptor.newscriptrunner.CommandRegistry.fireListeners(CommandRegistry.java:449)
	at oracle.dbtools.raptor.newscriptrunner.ScriptRunner.run(ScriptRunner.java:241)
	at oracle.dbtools.raptor.newscriptrunner.ScriptExecutor.run(ScriptExecutor.java:370)
	at oracle.dbtools.raptor.newscriptrunner.ScriptExecutor.run(ScriptExecutor.java:255)
	at oracle.dbtools.raptor.newscriptrunner.SQLPLUS.runExecuteFile(SQLPLUS.java:1767)
	at oracle.dbtools.raptor.newscriptrunner.SQLPLUS.run(SQLPLUS.java:185)
	at oracle.dbtools.raptor.newscriptrunner.ScriptRunner.runSQLPLUS(ScriptRunner.java:456)
	at oracle.dbtools.raptor.newscriptrunner.ScriptRunner.run(ScriptRunner.java:277)
	at oracle.dbtools.raptor.newscriptrunner.ScriptExecutor.run(ScriptExecutor.java:370)
	at oracle.dbtools.raptor.newscriptrunner.ScriptExecutor.run(ScriptExecutor.java:255)
	at oracle.dbtools.raptor.scriptrunner.cmdline.SqlCli.processLine(SqlCli.java:1189)
	at oracle.dbtools.raptor.scriptrunner.cmdline.SqlCli.runSqlcl(SqlCli.java:1370)
	at oracle.dbtools.raptor.scriptrunner.cmdline.SqlCli.main(SqlCli.java:350)

----------------------------
